<?xml version="1.0" encoding="UTF-8"?>
<testsuite xmlns:xsi="http://www.w3.org/2001/XMLSchema-instance" xsi:noNamespaceSchemaLocation="https://maven.apache.org/surefire/maven-surefire-plugin/xsd/surefire-test-report-3.0.xsd" version="3.0" name="com.wemech.WeMechSeleniumTests" time="128.79" tests="10" errors="0" skipped="0" failures="1">
  <properties>
[...]
</properties>
  <testcase name="testPageHeaderContainsExpectedText" classname="com.wemech.WeMechSeleniumTests" time="9.699">
    <failure message="expected: &lt;true&gt; but was: &lt;false&gt;" type="org.opentest4j.AssertionFailedError"><![CDATA[org.opentest4j.AssertionFailedError: expected: <true> but was: <false>
	at org.junit.jupiter.api.AssertionFailureBuilder.build(AssertionFailureBuilder.java:151)
	at org.junit.jupiter.api.AssertionFailureBuilder.buildAndThrow(AssertionFailureBuilder.java:132)
	at org.junit.jupiter.api.AssertTrue.failNotTrue(AssertTrue.java:63)
	at org.junit.jupiter.api.AssertTrue.assertTrue(AssertTrue.java:36)
	at org.junit.jupiter.api.AssertTrue.assertTrue(AssertTrue.java:31)
	at org.junit.jupiter.api.Assertions.assertTrue(Assertions.java:179)
	at com.wemech.WeMechSeleniumTests.testPageHeaderContainsExpectedText(WeMechSeleniumTests.java:92)
	at java.base/java.lang.reflect.Method.invoke(Method.java:569)
	at java.base/java.util.ArrayList.forEach(ArrayList.java:1511)
	at java.base/java.util.ArrayList.forEach(ArrayList.java:1511)
]]></failure>
    <system-err><![CDATA[SLF4J: No SLF4J providers were found.
SLF4J: Defaulting to no-operation (NOP) logger implementation
SLF4J: See https://www.slf4j.org/codes.html#noProviders for further details.
Dec 10, 2025 9:04:21 PM org.openqa.selenium.devtools.CdpVersionFinder findNearestMatch
WARNING: Unable to find an exact match for CDP version 143, returning the closest version; found: 142; Please update to a Selenium version that supports CDP version 143
]]></system-err>
  </testcase>
  <testcase name="testHomeNavigationLinkWorks" classname="com.wemech.WeMechSeleniumTests" time="5.12"/>
  <testcase name="testHomepageTitle" classname="com.wemech.WeMechSeleniumTests" time="37.04"/>
  <testcase name="testSocialMediaLinksExist" classname="com.wemech.WeMechSeleniumTests" time="15.192"/>
  <testcase name="testPageContainsCatalogueSection" classname="com.wemech.WeMechSeleniumTests" time="14.487"/>
  <testcase name="testLogoImageExists" classname="com.wemech.WeMechSeleniumTests" time="-0.161"/>
  <testcase name="testFooterCopyright" classname="com.wemech.WeMechSeleniumTests" time="2.005"/>
  <testcase name="testSearchFormExists" classname="com.wemech.WeMechSeleniumTests" time="1.965"/>
  <testcase name="testNavigationBarExists" classname="com.wemech.WeMechSeleniumTests" time="1.896"/>
  <testcase name="testLoginLinkExists" classname="com.wemech.WeMechSeleniumTests" time="34.446"/>
</testsuite>